The system is: Linux - 2.6.32-358.el6.x86_64 - x86_64
Compiling the C compiler identification source file "CMakeCCompilerId.c" succeeded.
Compiler: /opt/apps/intel/13/composer_xe_2013.2.146/bin/intel64/icc 
Build flags: 
Id flags: 

The output was:
0


Compilation of the C compiler identification source "CMakeCCompilerId.c" produced "a.out"

The C compiler identification is Intel, found in "/home1/02556/rbrito/UT_Internship/metis-5.1.0/CMakeFiles/CompilerIdC/a.out"

Compiling the CXX compiler identification source file "CMakeCXXCompilerId.cpp" succeeded.
Compiler: /opt/apps/intel/13/composer_xe_2013.2.146/bin/intel64/icpc 
Build flags: 
Id flags: 

The output was:
0


Compilation of the CXX compiler identification source "CMakeCXXCompilerId.cpp" produced "a.out"

The CXX compiler identification is Intel, found in "/home1/02556/rbrito/UT_Internship/metis-5.1.0/CMakeFiles/CompilerIdCXX/a.out"

Determining if the C compiler works passed with the following output:
Change Dir: /home1/02556/rbrito/UT_Internship/metis-5.1.0/CMakeFiles/CMakeTmp

Run Build Command:/usr/bin/gmake "cmTryCompileExec211530568/fast"
/usr/bin/gmake -f CMakeFiles/cmTryCompileExec211530568.dir/build.make CMakeFiles/cmTryCompileExec211530568.dir/build
gmake[1]: Entering directory `/home1/02556/rbrito/UT_Internship/metis-5.1.0/CMakeFiles/CMakeTmp'
/opt/apps/cmake/2.8.9/bin/cmake -E cmake_progress_report /home1/02556/rbrito/UT_Internship/metis-5.1.0/CMakeFiles/CMakeTmp/CMakeFiles 1
Building C object CMakeFiles/cmTryCompileExec211530568.dir/testCCompiler.c.o
/opt/apps/intel/13/composer_xe_2013.2.146/bin/intel64/icc    -o CMakeFiles/cmTryCompileExec211530568.dir/testCCompiler.c.o   -c /home1/02556/rbrito/UT_Internship/metis-5.1.0/CMakeFiles/CMakeTmp/testCCompiler.c
Linking C executable cmTryCompileExec211530568
/opt/apps/cmake/2.8.9/bin/cmake -E cmake_link_script CMakeFiles/cmTryCompileExec211530568.dir/link.txt --verbose=1
/opt/apps/intel/13/composer_xe_2013.2.146/bin/intel64/icc         CMakeFiles/cmTryCompileExec211530568.dir/testCCompiler.c.o  -o cmTryCompileExec211530568 -rdynamic 
gmake[1]: Leaving directory `/home1/02556/rbrito/UT_Internship/metis-5.1.0/CMakeFiles/CMakeTmp'


Detecting C compiler ABI info compiled with the following output:
Change Dir: /home1/02556/rbrito/UT_Internship/metis-5.1.0/CMakeFiles/CMakeTmp

Run Build Command:/usr/bin/gmake "cmTryCompileExec2459174660/fast"
/usr/bin/gmake -f CMakeFiles/cmTryCompileExec2459174660.dir/build.make CMakeFiles/cmTryCompileExec2459174660.dir/build
gmake[1]: Entering directory `/home1/02556/rbrito/UT_Internship/metis-5.1.0/CMakeFiles/CMakeTmp'
/opt/apps/cmake/2.8.9/bin/cmake -E cmake_progress_report /home1/02556/rbrito/UT_Internship/metis-5.1.0/CMakeFiles/CMakeTmp/CMakeFiles 1
Building C object CMakeFiles/cmTryCompileExec2459174660.dir/CMakeCCompilerABI.c.o
/opt/apps/intel/13/composer_xe_2013.2.146/bin/intel64/icc    -o CMakeFiles/cmTryCompileExec2459174660.dir/CMakeCCompilerABI.c.o   -c /opt/apps/cmake/2.8.9/share/cmake-2.8/Modules/CMakeCCompilerABI.c
Linking C executable cmTryCompileExec2459174660
/opt/apps/cmake/2.8.9/bin/cmake -E cmake_link_script CMakeFiles/cmTryCompileExec2459174660.dir/link.txt --verbose=1
/opt/apps/intel/13/composer_xe_2013.2.146/bin/intel64/icc       -v CMakeFiles/cmTryCompileExec2459174660.dir/CMakeCCompilerABI.c.o  -o cmTryCompileExec2459174660 -rdynamic  
icc version 13.1.0 (gcc version 4.4.7 compatibility)
/opt/apps/intel/13/composer_xe_2013.2.146/bin/intel64/mcpcom    -mP1OPT_version=13.0-intel64 -mGLOB_diag_file=CMakeFiles/cmTryCompileExec2459174660.dir/CMakeCCompilerABI.c.diag -mP1OPT_print_version=FALSE -mCG_use_gas_got_workaround=F -mP2OPT_align_option_used=TRUE -mGLOB_gcc_version=447 "-mGLOB_options_string=-v -o cmTryCompileExec2459174660 -rdynamic" -mGLOB_cxx_limited_range=FALSE -mCG_extend_parms=FALSE -mGLOB_compiler_bin_directory=/opt/apps/intel/13/composer_xe_2013.2.146/bin/intel64 -mGLOB_as_output_backup_file_name=/tmp/iccPl6j6Fas_.s -mIPOPT_activate -mGLOB_machine_model=GLOB_MACHINE_MODEL_EFI2 -mGLOB_product_id_code=0x22006d93 -mCG_bnl_movbe=T -mP3OPT_use_mspp_call_convention -mPGOPTI_value_profile_use=T -mP2OPT_il0_array_sections=TRUE -mGLOB_offload_mode=1 -mP2OPT_offload_unique_var_string=icc754175909dq9EsF -mP2OPT_hlo -mP2OPT_hpo_rtt_control=0 -mIPOPT_args_in_regs=0 -mP2OPT_disam_assume_nonstd_intent_in=FALSE -mGLOB_imf_mapping_library=/opt/apps/intel/13/composer_xe_2013.2.146/bin/intel64/libiml_attr.so -mIPOPT_link -mIPOPT_ipo_activate -mIPOPT_mo_activate -mIPOPT_source_files_list=/tmp/iccslisU0PumS -mIPOPT_mo_global_data -mIPOPT_link_script_file=/tmp/iccscript2nnHBt "-mIPOPT_link_version=2.20.51.0.2-5.36.el6 20100205" "-mIPOPT_cmdline_link="/usr/lib/gcc/x86_64-redhat-linux/4.4.7/../../../../lib64/crt1.o" "/usr/lib/gcc/x86_64-redhat-linux/4.4.7/../../../../lib64/crti.o" "/usr/lib/gcc/x86_64-redhat-linux/4.4.7/crtbegin.o" "-export-dynamic" "--eh-frame-hdr" "--build-id" "-dynamic-linker" "/lib64/ld-linux-x86-64.so.2" "-o" "cmTryCompileExec2459174660" "-L/opt/apps/intel/13/composer_xe_2013.2.146/compiler/lib/intel64" "-L/usr/lib/gcc/x86_64-redhat-linux/4.4.7/" "-L/usr/lib/gcc/x86_64-redhat-linux/4.4.7/../../../../lib64" "-L/usr/lib/gcc/x86_64-redhat-linux/4.4.7/../../../../lib64/" "-L/lib/../lib64" "-L/lib/../lib64/" "-L/usr/lib/../lib64" "-L/usr/lib/../lib64/" "-L/usr/lib/gcc/x86_64-redhat-linux/4.4.7/../../../" "-L/lib64" "-L/lib/" "-L/usr/lib64" "-L/usr/lib" "CMakeFiles/cmTryCompileExec2459174660.dir/CMakeCCompilerABI.c.o" "-Bstatic" "-limf" "-lsvml" "-lirng" "-Bdynamic" "-lm" "-Bstatic" "-lipgo" "-ldecimal" "--as-needed" "-Bdynamic" "-lcilkrts" "-lstdc++" "--no-as-needed" "-lgcc" "-lgcc_s" "-Bstatic" "-lirc" "-lsvml" "-Bdynamic" "-lc" "-lgcc" "-lgcc_s" "-Bstatic" "-lirc_s" "-Bdynamic" "-ldl" "-lc" "/usr/lib/gcc/x86_64-redhat-linux/4.4.7/crtend.o" "/usr/lib/gcc/x86_64-redhat-linux/4.4.7/../../../../lib64/crtn.o"" -mIPOPT_il_in_obj -mIPOPT_ipo_activate_warn=FALSE -mIPOPT_obj_output_file_name=/tmp/ipo_iccmdalTg.o -mIPOPT_whole_archive_fixup_file_name=/tmp/iccwarchEOVaMG "-mGLOB_linker_version=2.20.51.0.2-5.36.el6 20100205" -mGLOB_long_size_64 -mGLOB_routine_pointer_size_64 -mGLOB_driver_tempfile_name=/tmp/icctempfilegqAS3h -mP3OPT_asm_target=P3OPT_ASM_TARGET_GAS -mGLOB_async_unwind_tables=TRUE -mGLOB_obj_output_file=/tmp/ipo_iccmdalTg.o -mGLOB_source_dialect=GLOB_SOURCE_DIALECT_NONE -mP1OPT_source_file_name=ipo_out.c CMakeFiles/cmTryCompileExec2459174660.dir/CMakeCCompilerABI.c.o -mIPOPT_object_files=T -mIPOPT_assembly_files=/tmp/iccalisLSeInt -mIPOPT_generated_tempfiles=/tmp/iccelisQY4TC4 -mIPOPT_embedded_object_base_name=/tmp/icceobj0w45RF -mIPOPT_cmdline_link_new_name=/tmp/iccllisbRni7g
ld    /usr/lib/gcc/x86_64-redhat-linux/4.4.7/../../../../lib64/crt1.o /usr/lib/gcc/x86_64-redhat-linux/4.4.7/../../../../lib64/crti.o /usr/lib/gcc/x86_64-redhat-linux/4.4.7/crtbegin.o -export-dynamic --eh-frame-hdr --build-id -dynamic-linker /lib64/ld-linux-x86-64.so.2 -o cmTryCompileExec2459174660 -L/opt/apps/intel/13/composer_xe_2013.2.146/compiler/lib/intel64 -L/usr/lib/gcc/x86_64-redhat-linux/4.4.7/ -L/usr/lib/gcc/x86_64-redhat-linux/4.4.7/../../../../lib64 -L/usr/lib/gcc/x86_64-redhat-linux/4.4.7/../../../../lib64/ -L/lib/../lib64 -L/lib/../lib64/ -L/usr/lib/../lib64 -L/usr/lib/../lib64/ -L/usr/lib/gcc/x86_64-redhat-linux/4.4.7/../../../ -L/lib64 -L/lib/ -L/usr/lib64 -L/usr/lib CMakeFiles/cmTryCompileExec2459174660.dir/CMakeCCompilerABI.c.o -Bstatic -limf -lsvml -lirng -Bdynamic -lm -Bstatic -lipgo -ldecimal --as-needed -Bdynamic -lcilkrts -lstdc++ --no-as-needed -lgcc -lgcc_s -Bstatic -lirc -lsvml -Bdynamic -lc -lgcc -lgcc_s -Bstatic -lirc_s -Bdynamic -ldl -lc /usr/lib/gcc/x86_64-redhat-linux/4.4.7/crtend.o /usr/lib/gcc/x86_64-redhat-linux/4.4.7/../../../../lib64/crtn.o
gmake[1]: Leaving directory `/home1/02556/rbrito/UT_Internship/metis-5.1.0/CMakeFiles/CMakeTmp'


Parsed C implicit link information from above output:
  link line regex: [^( *|.*[/\])(ld|ld|collect2)[^/\]*( |$)]
  ignore line: [Change Dir: /home1/02556/rbrito/UT_Internship/metis-5.1.0/CMakeFiles/CMakeTmp]
  ignore line: []
  ignore line: [Run Build Command:/usr/bin/gmake "cmTryCompileExec2459174660/fast"]
  ignore line: [/usr/bin/gmake -f CMakeFiles/cmTryCompileExec2459174660.dir/build.make CMakeFiles/cmTryCompileExec2459174660.dir/build]
  ignore line: [gmake[1]: Entering directory `/home1/02556/rbrito/UT_Internship/metis-5.1.0/CMakeFiles/CMakeTmp']
  ignore line: [/opt/apps/cmake/2.8.9/bin/cmake -E cmake_progress_report /home1/02556/rbrito/UT_Internship/metis-5.1.0/CMakeFiles/CMakeTmp/CMakeFiles 1]
  ignore line: [Building C object CMakeFiles/cmTryCompileExec2459174660.dir/CMakeCCompilerABI.c.o]
  ignore line: [/opt/apps/intel/13/composer_xe_2013.2.146/bin/intel64/icc    -o CMakeFiles/cmTryCompileExec2459174660.dir/CMakeCCompilerABI.c.o   -c /opt/apps/cmake/2.8.9/share/cmake-2.8/Modules/CMakeCCompilerABI.c]
  ignore line: [Linking C executable cmTryCompileExec2459174660]
  ignore line: [/opt/apps/cmake/2.8.9/bin/cmake -E cmake_link_script CMakeFiles/cmTryCompileExec2459174660.dir/link.txt --verbose=1]
  ignore line: [/opt/apps/intel/13/composer_xe_2013.2.146/bin/intel64/icc       -v CMakeFiles/cmTryCompileExec2459174660.dir/CMakeCCompilerABI.c.o  -o cmTryCompileExec2459174660 -rdynamic  ]
  ignore line: [icc version 13.1.0 (gcc version 4.4.7 compatibility)]
  ignore line: [/opt/apps/intel/13/composer_xe_2013.2.146/bin/intel64/mcpcom    -mP1OPT_version=13.0-intel64 -mGLOB_diag_file=CMakeFiles/cmTryCompileExec2459174660.dir/CMakeCCompilerABI.c.diag -mP1OPT_print_version=FALSE -mCG_use_gas_got_workaround=F -mP2OPT_align_option_used=TRUE -mGLOB_gcc_version=447 "-mGLOB_options_string=-v -o cmTryCompileExec2459174660 -rdynamic" -mGLOB_cxx_limited_range=FALSE -mCG_extend_parms=FALSE -mGLOB_compiler_bin_directory=/opt/apps/intel/13/composer_xe_2013.2.146/bin/intel64 -mGLOB_as_output_backup_file_name=/tmp/iccPl6j6Fas_.s -mIPOPT_activate -mGLOB_machine_model=GLOB_MACHINE_MODEL_EFI2 -mGLOB_product_id_code=0x22006d93 -mCG_bnl_movbe=T -mP3OPT_use_mspp_call_convention -mPGOPTI_value_profile_use=T -mP2OPT_il0_array_sections=TRUE -mGLOB_offload_mode=1 -mP2OPT_offload_unique_var_string=icc754175909dq9EsF -mP2OPT_hlo -mP2OPT_hpo_rtt_control=0 -mIPOPT_args_in_regs=0 -mP2OPT_disam_assume_nonstd_intent_in=FALSE -mGLOB_imf_mapping_library=/opt/apps/intel/13/composer_xe_2013.2.146/bin/intel64/libiml_attr.so -mIPOPT_link -mIPOPT_ipo_activate -mIPOPT_mo_activate -mIPOPT_source_files_list=/tmp/iccslisU0PumS -mIPOPT_mo_global_data -mIPOPT_link_script_file=/tmp/iccscript2nnHBt "-mIPOPT_link_version=2.20.51.0.2-5.36.el6 20100205" "-mIPOPT_cmdline_link="/usr/lib/gcc/x86_64-redhat-linux/4.4.7/../../../../lib64/crt1.o" "/usr/lib/gcc/x86_64-redhat-linux/4.4.7/../../../../lib64/crti.o" "/usr/lib/gcc/x86_64-redhat-linux/4.4.7/crtbegin.o" "-export-dynamic" "--eh-frame-hdr" "--build-id" "-dynamic-linker" "/lib64/ld-linux-x86-64.so.2" "-o" "cmTryCompileExec2459174660" "-L/opt/apps/intel/13/composer_xe_2013.2.146/compiler/lib/intel64" "-L/usr/lib/gcc/x86_64-redhat-linux/4.4.7/" "-L/usr/lib/gcc/x86_64-redhat-linux/4.4.7/../../../../lib64" "-L/usr/lib/gcc/x86_64-redhat-linux/4.4.7/../../../../lib64/" "-L/lib/../lib64" "-L/lib/../lib64/" "-L/usr/lib/../lib64" "-L/usr/lib/../lib64/" "-L/usr/lib/gcc/x86_64-redhat-linux/4.4.7/../../../" "-L/lib64" "-L/lib/" "-L/usr/lib64" "-L/usr/lib" "CMakeFiles/cmTryCompileExec2459174660.dir/CMakeCCompilerABI.c.o" "-Bstatic" "-limf" "-lsvml" "-lirng" "-Bdynamic" "-lm" "-Bstatic" "-lipgo" "-ldecimal" "--as-needed" "-Bdynamic" "-lcilkrts" "-lstdc++" "--no-as-needed" "-lgcc" "-lgcc_s" "-Bstatic" "-lirc" "-lsvml" "-Bdynamic" "-lc" "-lgcc" "-lgcc_s" "-Bstatic" "-lirc_s" "-Bdynamic" "-ldl" "-lc" "/usr/lib/gcc/x86_64-redhat-linux/4.4.7/crtend.o" "/usr/lib/gcc/x86_64-redhat-linux/4.4.7/../../../../lib64/crtn.o"" -mIPOPT_il_in_obj -mIPOPT_ipo_activate_warn=FALSE -mIPOPT_obj_output_file_name=/tmp/ipo_iccmdalTg.o -mIPOPT_whole_archive_fixup_file_name=/tmp/iccwarchEOVaMG "-mGLOB_linker_version=2.20.51.0.2-5.36.el6 20100205" -mGLOB_long_size_64 -mGLOB_routine_pointer_size_64 -mGLOB_driver_tempfile_name=/tmp/icctempfilegqAS3h -mP3OPT_asm_target=P3OPT_ASM_TARGET_GAS -mGLOB_async_unwind_tables=TRUE -mGLOB_obj_output_file=/tmp/ipo_iccmdalTg.o -mGLOB_source_dialect=GLOB_SOURCE_DIALECT_NONE -mP1OPT_source_file_name=ipo_out.c CMakeFiles/cmTryCompileExec2459174660.dir/CMakeCCompilerABI.c.o -mIPOPT_object_files=T -mIPOPT_assembly_files=/tmp/iccalisLSeInt -mIPOPT_generated_tempfiles=/tmp/iccelisQY4TC4 -mIPOPT_embedded_object_base_name=/tmp/icceobj0w45RF -mIPOPT_cmdline_link_new_name=/tmp/iccllisbRni7g]
  link line: [ld    /usr/lib/gcc/x86_64-redhat-linux/4.4.7/../../../../lib64/crt1.o /usr/lib/gcc/x86_64-redhat-linux/4.4.7/../../../../lib64/crti.o /usr/lib/gcc/x86_64-redhat-linux/4.4.7/crtbegin.o -export-dynamic --eh-frame-hdr --build-id -dynamic-linker /lib64/ld-linux-x86-64.so.2 -o cmTryCompileExec2459174660 -L/opt/apps/intel/13/composer_xe_2013.2.146/compiler/lib/intel64 -L/usr/lib/gcc/x86_64-redhat-linux/4.4.7/ -L/usr/lib/gcc/x86_64-redhat-linux/4.4.7/../../../../lib64 -L/usr/lib/gcc/x86_64-redhat-linux/4.4.7/../../../../lib64/ -L/lib/../lib64 -L/lib/../lib64/ -L/usr/lib/../lib64 -L/usr/lib/../lib64/ -L/usr/lib/gcc/x86_64-redhat-linux/4.4.7/../../../ -L/lib64 -L/lib/ -L/usr/lib64 -L/usr/lib CMakeFiles/cmTryCompileExec2459174660.dir/CMakeCCompilerABI.c.o -Bstatic -limf -lsvml -lirng -Bdynamic -lm -Bstatic -lipgo -ldecimal --as-needed -Bdynamic -lcilkrts -lstdc++ --no-as-needed -lgcc -lgcc_s -Bstatic -lirc -lsvml -Bdynamic -lc -lgcc -lgcc_s -Bstatic -lirc_s -Bdynamic -ldl -lc /usr/lib/gcc/x86_64-redhat-linux/4.4.7/crtend.o /usr/lib/gcc/x86_64-redhat-linux/4.4.7/../../../../lib64/crtn.o]
    arg [ld] ==> ignore
    arg [/usr/lib/gcc/x86_64-redhat-linux/4.4.7/../../../../lib64/crt1.o] ==> ignore
    arg [/usr/lib/gcc/x86_64-redhat-linux/4.4.7/../../../../lib64/crti.o] ==> ignore
    arg [/usr/lib/gcc/x86_64-redhat-linux/4.4.7/crtbegin.o] ==> ignore
    arg [-export-dynamic] ==> ignore
    arg [--eh-frame-hdr] ==> ignore
    arg [--build-id] ==> ignore
    arg [-dynamic-linker] ==> ignore
    arg [/lib64/ld-linux-x86-64.so.2] ==> ignore
    arg [-o] ==> ignore
    arg [cmTryCompileExec2459174660] ==> ignore
    arg [-L/opt/apps/intel/13/composer_xe_2013.2.146/compiler/lib/intel64] ==> dir [/opt/apps/intel/13/composer_xe_2013.2.146/compiler/lib/intel64]
    arg [-L/usr/lib/gcc/x86_64-redhat-linux/4.4.7/] ==> dir [/usr/lib/gcc/x86_64-redhat-linux/4.4.7/]
    arg [-L/usr/lib/gcc/x86_64-redhat-linux/4.4.7/../../../../lib64] ==> dir [/usr/lib/gcc/x86_64-redhat-linux/4.4.7/../../../../lib64]
    arg [-L/usr/lib/gcc/x86_64-redhat-linux/4.4.7/../../../../lib64/] ==> dir [/usr/lib/gcc/x86_64-redhat-linux/4.4.7/../../../../lib64/]
    arg [-L/lib/../lib64] ==> dir [/lib/../lib64]
    arg [-L/lib/../lib64/] ==> dir [/lib/../lib64/]
    arg [-L/usr/lib/../lib64] ==> dir [/usr/lib/../lib64]
    arg [-L/usr/lib/../lib64/] ==> dir [/usr/lib/../lib64/]
    arg [-L/usr/lib/gcc/x86_64-redhat-linux/4.4.7/../../../] ==> dir [/usr/lib/gcc/x86_64-redhat-linux/4.4.7/../../../]
    arg [-L/lib64] ==> dir [/lib64]
    arg [-L/lib/] ==> dir [/lib/]
    arg [-L/usr/lib64] ==> dir [/usr/lib64]
    arg [-L/usr/lib] ==> dir [/usr/lib]
    arg [CMakeFiles/cmTryCompileExec2459174660.dir/CMakeCCompilerABI.c.o] ==> ignore
    arg [-Bstatic] ==> ignore
    arg [-limf] ==> lib [imf]
    arg [-lsvml] ==> lib [svml]
    arg [-lirng] ==> lib [irng]
    arg [-Bdynamic] ==> ignore
    arg [-lm] ==> lib [m]
    arg [-Bstatic] ==> ignore
    arg [-lipgo] ==> lib [ipgo]
    arg [-ldecimal] ==> lib [decimal]
    arg [--as-needed] ==> ignore
    arg [-Bdynamic] ==> ignore
    arg [-lcilkrts] ==> lib [cilkrts]
    arg [-lstdc++] ==> lib [stdc++]
    arg [--no-as-needed] ==> ignore
    arg [-lgcc] ==> lib [gcc]
    arg [-lgcc_s] ==> lib [gcc_s]
    arg [-Bstatic] ==> ignore
    arg [-lirc] ==> lib [irc]
    arg [-lsvml] ==> lib [svml]
    arg [-Bdynamic] ==> ignore
    arg [-lc] ==> lib [c]
    arg [-lgcc] ==> lib [gcc]
    arg [-lgcc_s] ==> lib [gcc_s]
    arg [-Bstatic] ==> ignore
    arg [-lirc_s] ==> lib [irc_s]
    arg [-Bdynamic] ==> ignore
    arg [-ldl] ==> lib [dl]
    arg [-lc] ==> lib [c]
    arg [/usr/lib/gcc/x86_64-redhat-linux/4.4.7/crtend.o] ==> ignore
    arg [/usr/lib/gcc/x86_64-redhat-linux/4.4.7/../../../../lib64/crtn.o] ==> ignore
  remove lib [gcc]
  remove lib [gcc_s]
  remove lib [gcc]
  remove lib [gcc_s]
  collapse dir [/opt/apps/intel/13/composer_xe_2013.2.146/compiler/lib/intel64] ==> [/opt/apps/intel/13/composer_xe_2013.2.146/compiler/lib/intel64]
  collapse dir [/usr/lib/gcc/x86_64-redhat-linux/4.4.7/] ==> [/usr/lib/gcc/x86_64-redhat-linux/4.4.7]
  collapse dir [/usr/lib/gcc/x86_64-redhat-linux/4.4.7/../../../../lib64] ==> [/usr/lib64]
  collapse dir [/usr/lib/gcc/x86_64-redhat-linux/4.4.7/../../../../lib64/] ==> [/usr/lib64]
  collapse dir [/lib/../lib64] ==> [/lib64]
  collapse dir [/lib/../lib64/] ==> [/lib64]
  collapse dir [/usr/lib/../lib64] ==> [/usr/lib64]
  collapse dir [/usr/lib/../lib64/] ==> [/usr/lib64]
  collapse dir [/usr/lib/gcc/x86_64-redhat-linux/4.4.7/../../../] ==> [/usr/lib]
  collapse dir [/lib64] ==> [/lib64]
  collapse dir [/lib/] ==> [/lib]
  collapse dir [/usr/lib64] ==> [/usr/lib64]
  collapse dir [/usr/lib] ==> [/usr/lib]
  implicit libs: [imf;svml;irng;m;ipgo;decimal;cilkrts;stdc++;irc;svml;c;irc_s;dl;c]
  implicit dirs: [/opt/apps/intel/13/composer_xe_2013.2.146/compiler/lib/intel64;/usr/lib/gcc/x86_64-redhat-linux/4.4.7;/usr/lib64;/lib64;/usr/lib;/lib]


Determining if the CXX compiler works passed with the following output:
Change Dir: /home1/02556/rbrito/UT_Internship/metis-5.1.0/CMakeFiles/CMakeTmp

Run Build Command:/usr/bin/gmake "cmTryCompileExec2715710266/fast"
/usr/bin/gmake -f CMakeFiles/cmTryCompileExec2715710266.dir/build.make CMakeFiles/cmTryCompileExec2715710266.dir/build
gmake[1]: Entering directory `/home1/02556/rbrito/UT_Internship/metis-5.1.0/CMakeFiles/CMakeTmp'
/opt/apps/cmake/2.8.9/bin/cmake -E cmake_progress_report /home1/02556/rbrito/UT_Internship/metis-5.1.0/CMakeFiles/CMakeTmp/CMakeFiles 1
Building CXX object CMakeFiles/cmTryCompileExec2715710266.dir/testCXXCompiler.cxx.o
/opt/apps/intel/13/composer_xe_2013.2.146/bin/intel64/icpc     -o CMakeFiles/cmTryCompileExec2715710266.dir/testCXXCompiler.cxx.o -c /home1/02556/rbrito/UT_Internship/metis-5.1.0/CMakeFiles/CMakeTmp/testCXXCompiler.cxx
Linking CXX executable cmTryCompileExec2715710266
/opt/apps/cmake/2.8.9/bin/cmake -E cmake_link_script CMakeFiles/cmTryCompileExec2715710266.dir/link.txt --verbose=1
/opt/apps/intel/13/composer_xe_2013.2.146/bin/intel64/icpc          CMakeFiles/cmTryCompileExec2715710266.dir/testCXXCompiler.cxx.o  -o cmTryCompileExec2715710266 -rdynamic 
gmake[1]: Leaving directory `/home1/02556/rbrito/UT_Internship/metis-5.1.0/CMakeFiles/CMakeTmp'


Detecting CXX compiler ABI info compiled with the following output:
Change Dir: /home1/02556/rbrito/UT_Internship/metis-5.1.0/CMakeFiles/CMakeTmp

Run Build Command:/usr/bin/gmake "cmTryCompileExec769404870/fast"
/usr/bin/gmake -f CMakeFiles/cmTryCompileExec769404870.dir/build.make CMakeFiles/cmTryCompileExec769404870.dir/build
gmake[1]: Entering directory `/home1/02556/rbrito/UT_Internship/metis-5.1.0/CMakeFiles/CMakeTmp'
/opt/apps/cmake/2.8.9/bin/cmake -E cmake_progress_report /home1/02556/rbrito/UT_Internship/metis-5.1.0/CMakeFiles/CMakeTmp/CMakeFiles 1
Building CXX object CMakeFiles/cmTryCompileExec769404870.dir/CMakeCXXCompilerABI.cpp.o
/opt/apps/intel/13/composer_xe_2013.2.146/bin/intel64/icpc     -o CMakeFiles/cmTryCompileExec769404870.dir/CMakeCXXCompilerABI.cpp.o -c /opt/apps/cmake/2.8.9/share/cmake-2.8/Modules/CMakeCXXCompilerABI.cpp
Linking CXX executable cmTryCompileExec769404870
/opt/apps/cmake/2.8.9/bin/cmake -E cmake_link_script CMakeFiles/cmTryCompileExec769404870.dir/link.txt --verbose=1
/opt/apps/intel/13/composer_xe_2013.2.146/bin/intel64/icpc        -v CMakeFiles/cmTryCompileExec769404870.dir/CMakeCXXCompilerABI.cpp.o  -o cmTryCompileExec769404870 -rdynamic  
icpc version 13.1.0 (gcc version 4.4.7 compatibility)
/opt/apps/intel/13/composer_xe_2013.2.146/bin/intel64/mcpcom    -mP1OPT_version=13.0-intel64 -mGLOB_diag_file=CMakeFiles/cmTryCompileExec769404870.dir/CMakeCXXCompilerABI.cpp.diag -mP1OPT_print_version=FALSE -mCG_use_gas_got_workaround=F -mP2OPT_align_option_used=TRUE -mGLOB_gcc_version=447 "-mGLOB_options_string=-v -o cmTryCompileExec769404870 -rdynamic" -mGLOB_cxx_limited_range=FALSE -mCG_extend_parms=FALSE -mGLOB_compiler_bin_directory=/opt/apps/intel/13/composer_xe_2013.2.146/bin/intel64 -mGLOB_as_output_backup_file_name=/tmp/icpcFTo1nFas_.s -mIPOPT_activate -mGLOB_machine_model=GLOB_MACHINE_MODEL_EFI2 -mGLOB_product_id_code=0x22006d90 -mCG_bnl_movbe=T -mP3OPT_use_mspp_call_convention -mPGOPTI_value_profile_use=T -mP2OPT_il0_array_sections=TRUE -mGLOB_offload_mode=1 -mP2OPT_offload_unique_var_string=icpc2021269120ffdPjd -mP2OPT_hlo -mP2OPT_hpo_rtt_control=0 -mIPOPT_args_in_regs=0 -mP2OPT_disam_assume_nonstd_intent_in=FALSE -mGLOB_imf_mapping_library=/opt/apps/intel/13/composer_xe_2013.2.146/bin/intel64/libiml_attr.so -mIPOPT_link -mIPOPT_ipo_activate -mIPOPT_mo_activate -mIPOPT_source_files_list=/tmp/icpcsliszHVi9L -mIPOPT_mo_global_data -mIPOPT_link_script_file=/tmp/icpcscriptdcU7dp "-mIPOPT_link_version=2.20.51.0.2-5.36.el6 20100205" "-mIPOPT_cmdline_link="/usr/lib/gcc/x86_64-redhat-linux/4.4.7/../../../../lib64/crt1.o" "/usr/lib/gcc/x86_64-redhat-linux/4.4.7/../../../../lib64/crti.o" "/usr/lib/gcc/x86_64-redhat-linux/4.4.7/crtbegin.o" "-export-dynamic" "--eh-frame-hdr" "--build-id" "-dynamic-linker" "/lib64/ld-linux-x86-64.so.2" "-o" "cmTryCompileExec769404870" "-L/opt/apps/intel/13/composer_xe_2013.2.146/compiler/lib/intel64" "-L/usr/lib/gcc/x86_64-redhat-linux/4.4.7/" "-L/usr/lib/gcc/x86_64-redhat-linux/4.4.7/../../../../lib64" "-L/usr/lib/gcc/x86_64-redhat-linux/4.4.7/../../../../lib64/" "-L/lib/../lib64" "-L/lib/../lib64/" "-L/usr/lib/../lib64" "-L/usr/lib/../lib64/" "-L/usr/lib/gcc/x86_64-redhat-linux/4.4.7/../../../" "-L/lib64" "-L/lib/" "-L/usr/lib64" "-L/usr/lib" "CMakeFiles/cmTryCompileExec769404870.dir/CMakeCXXCompilerABI.cpp.o" "-Bstatic" "-limf" "-lsvml" "-lirng" "-Bdynamic" "-lm" "-Bstatic" "-lipgo" "-ldecimal" "--as-needed" "-Bdynamic" "-lcilkrts" "--no-as-needed" "-lstdc++" "-lgcc" "-lgcc_s" "-Bstatic" "-lirc" "-lsvml" "-Bdynamic" "-lc" "-lgcc" "-lgcc_s" "-Bstatic" "-lirc_s" "-Bdynamic" "-ldl" "-lc" "/usr/lib/gcc/x86_64-redhat-linux/4.4.7/crtend.o" "/usr/lib/gcc/x86_64-redhat-linux/4.4.7/../../../../lib64/crtn.o"" -mIPOPT_il_in_obj -mIPOPT_ipo_activate_warn=FALSE -mIPOPT_obj_output_file_name=/tmp/ipo_icpcHWXpGZ.o -mIPOPT_whole_archive_fixup_file_name=/tmp/icpcwarch6dBjnY "-mGLOB_linker_version=2.20.51.0.2-5.36.el6 20100205" -mGLOB_long_size_64 -mGLOB_routine_pointer_size_64 -mGLOB_driver_tempfile_name=/tmp/icpctempfileFlOwuB -mP3OPT_asm_target=P3OPT_ASM_TARGET_GAS -mGLOB_async_unwind_tables=TRUE -mGLOB_obj_output_file=/tmp/ipo_icpcHWXpGZ.o -mGLOB_source_dialect=GLOB_SOURCE_DIALECT_NONE -mP1OPT_source_file_name=ipo_out.c CMakeFiles/cmTryCompileExec769404870.dir/CMakeCXXCompilerABI.cpp.o -mIPOPT_object_files=T -mIPOPT_assembly_files=/tmp/icpcalisLtp2Pf -mIPOPT_generated_tempfiles=/tmp/icpcelistvPQUS -mIPOPT_embedded_object_base_name=/tmp/icpceobjsioFZv -mIPOPT_cmdline_link_new_name=/tmp/icpcllisy15t48
ld    /usr/lib/gcc/x86_64-redhat-linux/4.4.7/../../../../lib64/crt1.o /usr/lib/gcc/x86_64-redhat-linux/4.4.7/../../../../lib64/crti.o /usr/lib/gcc/x86_64-redhat-linux/4.4.7/crtbegin.o -export-dynamic --eh-frame-hdr --build-id -dynamic-linker /lib64/ld-linux-x86-64.so.2 -o cmTryCompileExec769404870 -L/opt/apps/intel/13/composer_xe_2013.2.146/compiler/lib/intel64 -L/usr/lib/gcc/x86_64-redhat-linux/4.4.7/ -L/usr/lib/gcc/x86_64-redhat-linux/4.4.7/../../../../lib64 -L/usr/lib/gcc/x86_64-redhat-linux/4.4.7/../../../../lib64/ -L/lib/../lib64 -L/lib/../lib64/ -L/usr/lib/../lib64 -L/usr/lib/../lib64/ -L/usr/lib/gcc/x86_64-redhat-linux/4.4.7/../../../ -L/lib64 -L/lib/ -L/usr/lib64 -L/usr/lib CMakeFiles/cmTryCompileExec769404870.dir/CMakeCXXCompilerABI.cpp.o -Bstatic -limf -lsvml -lirng -Bdynamic -lm -Bstatic -lipgo -ldecimal --as-needed -Bdynamic -lcilkrts --no-as-needed -lstdc++ -lgcc -lgcc_s -Bstatic -lirc -lsvml -Bdynamic -lc -lgcc -lgcc_s -Bstatic -lirc_s -Bdynamic -ldl -lc /usr/lib/gcc/x86_64-redhat-linux/4.4.7/crtend.o /usr/lib/gcc/x86_64-redhat-linux/4.4.7/../../../../lib64/crtn.o
gmake[1]: Leaving directory `/home1/02556/rbrito/UT_Internship/metis-5.1.0/CMakeFiles/CMakeTmp'


Parsed CXX implicit link information from above output:
  link line regex: [^( *|.*[/\])(ld|ld|collect2)[^/\]*( |$)]
  ignore line: [Change Dir: /home1/02556/rbrito/UT_Internship/metis-5.1.0/CMakeFiles/CMakeTmp]
  ignore line: []
  ignore line: [Run Build Command:/usr/bin/gmake "cmTryCompileExec769404870/fast"]
  ignore line: [/usr/bin/gmake -f CMakeFiles/cmTryCompileExec769404870.dir/build.make CMakeFiles/cmTryCompileExec769404870.dir/build]
  ignore line: [gmake[1]: Entering directory `/home1/02556/rbrito/UT_Internship/metis-5.1.0/CMakeFiles/CMakeTmp']
  ignore line: [/opt/apps/cmake/2.8.9/bin/cmake -E cmake_progress_report /home1/02556/rbrito/UT_Internship/metis-5.1.0/CMakeFiles/CMakeTmp/CMakeFiles 1]
  ignore line: [Building CXX object CMakeFiles/cmTryCompileExec769404870.dir/CMakeCXXCompilerABI.cpp.o]
  ignore line: [/opt/apps/intel/13/composer_xe_2013.2.146/bin/intel64/icpc     -o CMakeFiles/cmTryCompileExec769404870.dir/CMakeCXXCompilerABI.cpp.o -c /opt/apps/cmake/2.8.9/share/cmake-2.8/Modules/CMakeCXXCompilerABI.cpp]
  ignore line: [Linking CXX executable cmTryCompileExec769404870]
  ignore line: [/opt/apps/cmake/2.8.9/bin/cmake -E cmake_link_script CMakeFiles/cmTryCompileExec769404870.dir/link.txt --verbose=1]
  ignore line: [/opt/apps/intel/13/composer_xe_2013.2.146/bin/intel64/icpc        -v CMakeFiles/cmTryCompileExec769404870.dir/CMakeCXXCompilerABI.cpp.o  -o cmTryCompileExec769404870 -rdynamic  ]
  ignore line: [icpc version 13.1.0 (gcc version 4.4.7 compatibility)]
  ignore line: [/opt/apps/intel/13/composer_xe_2013.2.146/bin/intel64/mcpcom    -mP1OPT_version=13.0-intel64 -mGLOB_diag_file=CMakeFiles/cmTryCompileExec769404870.dir/CMakeCXXCompilerABI.cpp.diag -mP1OPT_print_version=FALSE -mCG_use_gas_got_workaround=F -mP2OPT_align_option_used=TRUE -mGLOB_gcc_version=447 "-mGLOB_options_string=-v -o cmTryCompileExec769404870 -rdynamic" -mGLOB_cxx_limited_range=FALSE -mCG_extend_parms=FALSE -mGLOB_compiler_bin_directory=/opt/apps/intel/13/composer_xe_2013.2.146/bin/intel64 -mGLOB_as_output_backup_file_name=/tmp/icpcFTo1nFas_.s -mIPOPT_activate -mGLOB_machine_model=GLOB_MACHINE_MODEL_EFI2 -mGLOB_product_id_code=0x22006d90 -mCG_bnl_movbe=T -mP3OPT_use_mspp_call_convention -mPGOPTI_value_profile_use=T -mP2OPT_il0_array_sections=TRUE -mGLOB_offload_mode=1 -mP2OPT_offload_unique_var_string=icpc2021269120ffdPjd -mP2OPT_hlo -mP2OPT_hpo_rtt_control=0 -mIPOPT_args_in_regs=0 -mP2OPT_disam_assume_nonstd_intent_in=FALSE -mGLOB_imf_mapping_library=/opt/apps/intel/13/composer_xe_2013.2.146/bin/intel64/libiml_attr.so -mIPOPT_link -mIPOPT_ipo_activate -mIPOPT_mo_activate -mIPOPT_source_files_list=/tmp/icpcsliszHVi9L -mIPOPT_mo_global_data -mIPOPT_link_script_file=/tmp/icpcscriptdcU7dp "-mIPOPT_link_version=2.20.51.0.2-5.36.el6 20100205" "-mIPOPT_cmdline_link="/usr/lib/gcc/x86_64-redhat-linux/4.4.7/../../../../lib64/crt1.o" "/usr/lib/gcc/x86_64-redhat-linux/4.4.7/../../../../lib64/crti.o" "/usr/lib/gcc/x86_64-redhat-linux/4.4.7/crtbegin.o" "-export-dynamic" "--eh-frame-hdr" "--build-id" "-dynamic-linker" "/lib64/ld-linux-x86-64.so.2" "-o" "cmTryCompileExec769404870" "-L/opt/apps/intel/13/composer_xe_2013.2.146/compiler/lib/intel64" "-L/usr/lib/gcc/x86_64-redhat-linux/4.4.7/" "-L/usr/lib/gcc/x86_64-redhat-linux/4.4.7/../../../../lib64" "-L/usr/lib/gcc/x86_64-redhat-linux/4.4.7/../../../../lib64/" "-L/lib/../lib64" "-L/lib/../lib64/" "-L/usr/lib/../lib64" "-L/usr/lib/../lib64/" "-L/usr/lib/gcc/x86_64-redhat-linux/4.4.7/../../../" "-L/lib64" "-L/lib/" "-L/usr/lib64" "-L/usr/lib" "CMakeFiles/cmTryCompileExec769404870.dir/CMakeCXXCompilerABI.cpp.o" "-Bstatic" "-limf" "-lsvml" "-lirng" "-Bdynamic" "-lm" "-Bstatic" "-lipgo" "-ldecimal" "--as-needed" "-Bdynamic" "-lcilkrts" "--no-as-needed" "-lstdc++" "-lgcc" "-lgcc_s" "-Bstatic" "-lirc" "-lsvml" "-Bdynamic" "-lc" "-lgcc" "-lgcc_s" "-Bstatic" "-lirc_s" "-Bdynamic" "-ldl" "-lc" "/usr/lib/gcc/x86_64-redhat-linux/4.4.7/crtend.o" "/usr/lib/gcc/x86_64-redhat-linux/4.4.7/../../../../lib64/crtn.o"" -mIPOPT_il_in_obj -mIPOPT_ipo_activate_warn=FALSE -mIPOPT_obj_output_file_name=/tmp/ipo_icpcHWXpGZ.o -mIPOPT_whole_archive_fixup_file_name=/tmp/icpcwarch6dBjnY "-mGLOB_linker_version=2.20.51.0.2-5.36.el6 20100205" -mGLOB_long_size_64 -mGLOB_routine_pointer_size_64 -mGLOB_driver_tempfile_name=/tmp/icpctempfileFlOwuB -mP3OPT_asm_target=P3OPT_ASM_TARGET_GAS -mGLOB_async_unwind_tables=TRUE -mGLOB_obj_output_file=/tmp/ipo_icpcHWXpGZ.o -mGLOB_source_dialect=GLOB_SOURCE_DIALECT_NONE -mP1OPT_source_file_name=ipo_out.c CMakeFiles/cmTryCompileExec769404870.dir/CMakeCXXCompilerABI.cpp.o -mIPOPT_object_files=T -mIPOPT_assembly_files=/tmp/icpcalisLtp2Pf -mIPOPT_generated_tempfiles=/tmp/icpcelistvPQUS -mIPOPT_embedded_object_base_name=/tmp/icpceobjsioFZv -mIPOPT_cmdline_link_new_name=/tmp/icpcllisy15t48]
  link line: [ld    /usr/lib/gcc/x86_64-redhat-linux/4.4.7/../../../../lib64/crt1.o /usr/lib/gcc/x86_64-redhat-linux/4.4.7/../../../../lib64/crti.o /usr/lib/gcc/x86_64-redhat-linux/4.4.7/crtbegin.o -export-dynamic --eh-frame-hdr --build-id -dynamic-linker /lib64/ld-linux-x86-64.so.2 -o cmTryCompileExec769404870 -L/opt/apps/intel/13/composer_xe_2013.2.146/compiler/lib/intel64 -L/usr/lib/gcc/x86_64-redhat-linux/4.4.7/ -L/usr/lib/gcc/x86_64-redhat-linux/4.4.7/../../../../lib64 -L/usr/lib/gcc/x86_64-redhat-linux/4.4.7/../../../../lib64/ -L/lib/../lib64 -L/lib/../lib64/ -L/usr/lib/../lib64 -L/usr/lib/../lib64/ -L/usr/lib/gcc/x86_64-redhat-linux/4.4.7/../../../ -L/lib64 -L/lib/ -L/usr/lib64 -L/usr/lib CMakeFiles/cmTryCompileExec769404870.dir/CMakeCXXCompilerABI.cpp.o -Bstatic -limf -lsvml -lirng -Bdynamic -lm -Bstatic -lipgo -ldecimal --as-needed -Bdynamic -lcilkrts --no-as-needed -lstdc++ -lgcc -lgcc_s -Bstatic -lirc -lsvml -Bdynamic -lc -lgcc -lgcc_s -Bstatic -lirc_s -Bdynamic -ldl -lc /usr/lib/gcc/x86_64-redhat-linux/4.4.7/crtend.o /usr/lib/gcc/x86_64-redhat-linux/4.4.7/../../../../lib64/crtn.o]
    arg [ld] ==> ignore
    arg [/usr/lib/gcc/x86_64-redhat-linux/4.4.7/../../../../lib64/crt1.o] ==> ignore
    arg [/usr/lib/gcc/x86_64-redhat-linux/4.4.7/../../../../lib64/crti.o] ==> ignore
    arg [/usr/lib/gcc/x86_64-redhat-linux/4.4.7/crtbegin.o] ==> ignore
    arg [-export-dynamic] ==> ignore
    arg [--eh-frame-hdr] ==> ignore
    arg [--build-id] ==> ignore
    arg [-dynamic-linker] ==> ignore
    arg [/lib64/ld-linux-x86-64.so.2] ==> ignore
    arg [-o] ==> ignore
    arg [cmTryCompileExec769404870] ==> ignore
    arg [-L/opt/apps/intel/13/composer_xe_2013.2.146/compiler/lib/intel64] ==> dir [/opt/apps/intel/13/composer_xe_2013.2.146/compiler/lib/intel64]
    arg [-L/usr/lib/gcc/x86_64-redhat-linux/4.4.7/] ==> dir [/usr/lib/gcc/x86_64-redhat-linux/4.4.7/]
    arg [-L/usr/lib/gcc/x86_64-redhat-linux/4.4.7/../../../../lib64] ==> dir [/usr/lib/gcc/x86_64-redhat-linux/4.4.7/../../../../lib64]
    arg [-L/usr/lib/gcc/x86_64-redhat-linux/4.4.7/../../../../lib64/] ==> dir [/usr/lib/gcc/x86_64-redhat-linux/4.4.7/../../../../lib64/]
    arg [-L/lib/../lib64] ==> dir [/lib/../lib64]
    arg [-L/lib/../lib64/] ==> dir [/lib/../lib64/]
    arg [-L/usr/lib/../lib64] ==> dir [/usr/lib/../lib64]
    arg [-L/usr/lib/../lib64/] ==> dir [/usr/lib/../lib64/]
    arg [-L/usr/lib/gcc/x86_64-redhat-linux/4.4.7/../../../] ==> dir [/usr/lib/gcc/x86_64-redhat-linux/4.4.7/../../../]
    arg [-L/lib64] ==> dir [/lib64]
    arg [-L/lib/] ==> dir [/lib/]
    arg [-L/usr/lib64] ==> dir [/usr/lib64]
    arg [-L/usr/lib] ==> dir [/usr/lib]
    arg [CMakeFiles/cmTryCompileExec769404870.dir/CMakeCXXCompilerABI.cpp.o] ==> ignore
    arg [-Bstatic] ==> ignore
    arg [-limf] ==> lib [imf]
    arg [-lsvml] ==> lib [svml]
    arg [-lirng] ==> lib [irng]
    arg [-Bdynamic] ==> ignore
    arg [-lm] ==> lib [m]
    arg [-Bstatic] ==> ignore
    arg [-lipgo] ==> lib [ipgo]
    arg [-ldecimal] ==> lib [decimal]
    arg [--as-needed] ==> ignore
    arg [-Bdynamic] ==> ignore
    arg [-lcilkrts] ==> lib [cilkrts]
    arg [--no-as-needed] ==> ignore
    arg [-lstdc++] ==> lib [stdc++]
    arg [-lgcc] ==> lib [gcc]
    arg [-lgcc_s] ==> lib [gcc_s]
    arg [-Bstatic] ==> ignore
    arg [-lirc] ==> lib [irc]
    arg [-lsvml] ==> lib [svml]
    arg [-Bdynamic] ==> ignore
    arg [-lc] ==> lib [c]
    arg [-lgcc] ==> lib [gcc]
    arg [-lgcc_s] ==> lib [gcc_s]
    arg [-Bstatic] ==> ignore
    arg [-lirc_s] ==> lib [irc_s]
    arg [-Bdynamic] ==> ignore
    arg [-ldl] ==> lib [dl]
    arg [-lc] ==> lib [c]
    arg [/usr/lib/gcc/x86_64-redhat-linux/4.4.7/crtend.o] ==> ignore
    arg [/usr/lib/gcc/x86_64-redhat-linux/4.4.7/../../../../lib64/crtn.o] ==> ignore
  remove lib [gcc]
  remove lib [gcc_s]
  remove lib [gcc]
  remove lib [gcc_s]
  collapse dir [/opt/apps/intel/13/composer_xe_2013.2.146/compiler/lib/intel64] ==> [/opt/apps/intel/13/composer_xe_2013.2.146/compiler/lib/intel64]
  collapse dir [/usr/lib/gcc/x86_64-redhat-linux/4.4.7/] ==> [/usr/lib/gcc/x86_64-redhat-linux/4.4.7]
  collapse dir [/usr/lib/gcc/x86_64-redhat-linux/4.4.7/../../../../lib64] ==> [/usr/lib64]
  collapse dir [/usr/lib/gcc/x86_64-redhat-linux/4.4.7/../../../../lib64/] ==> [/usr/lib64]
  collapse dir [/lib/../lib64] ==> [/lib64]
  collapse dir [/lib/../lib64/] ==> [/lib64]
  collapse dir [/usr/lib/../lib64] ==> [/usr/lib64]
  collapse dir [/usr/lib/../lib64/] ==> [/usr/lib64]
  collapse dir [/usr/lib/gcc/x86_64-redhat-linux/4.4.7/../../../] ==> [/usr/lib]
  collapse dir [/lib64] ==> [/lib64]
  collapse dir [/lib/] ==> [/lib]
  collapse dir [/usr/lib64] ==> [/usr/lib64]
  collapse dir [/usr/lib] ==> [/usr/lib]
  implicit libs: [imf;svml;irng;m;ipgo;decimal;cilkrts;stdc++;irc;svml;c;irc_s;dl;c]
  implicit dirs: [/opt/apps/intel/13/composer_xe_2013.2.146/compiler/lib/intel64;/usr/lib/gcc/x86_64-redhat-linux/4.4.7;/usr/lib64;/lib64;/usr/lib;/lib]


Determining if the include file execinfo.h exists passed with the following output:
Change Dir: /home1/02556/rbrito/UT_Internship/metis-5.1.0/CMakeFiles/CMakeTmp

Run Build Command:/usr/bin/gmake "cmTryCompileExec1960852109/fast"
/usr/bin/gmake -f CMakeFiles/cmTryCompileExec1960852109.dir/build.make CMakeFiles/cmTryCompileExec1960852109.dir/build
gmake[1]: Entering directory `/home1/02556/rbrito/UT_Internship/metis-5.1.0/CMakeFiles/CMakeTmp'
/opt/apps/cmake/2.8.9/bin/cmake -E cmake_progress_report /home1/02556/rbrito/UT_Internship/metis-5.1.0/CMakeFiles/CMakeTmp/CMakeFiles 1
Building C object CMakeFiles/cmTryCompileExec1960852109.dir/CheckIncludeFile.c.o
/opt/apps/intel/13/composer_xe_2013.2.146/bin/intel64/icc    -o CMakeFiles/cmTryCompileExec1960852109.dir/CheckIncludeFile.c.o   -c /home1/02556/rbrito/UT_Internship/metis-5.1.0/CMakeFiles/CMakeTmp/CheckIncludeFile.c
Linking C executable cmTryCompileExec1960852109
/opt/apps/cmake/2.8.9/bin/cmake -E cmake_link_script CMakeFiles/cmTryCompileExec1960852109.dir/link.txt --verbose=1
/opt/apps/intel/13/composer_xe_2013.2.146/bin/intel64/icc         CMakeFiles/cmTryCompileExec1960852109.dir/CheckIncludeFile.c.o  -o cmTryCompileExec1960852109 -rdynamic 
gmake[1]: Leaving directory `/home1/02556/rbrito/UT_Internship/metis-5.1.0/CMakeFiles/CMakeTmp'


Determining if the function getline exists passed with the following output:
Change Dir: /home1/02556/rbrito/UT_Internship/metis-5.1.0/CMakeFiles/CMakeTmp

Run Build Command:/usr/bin/gmake "cmTryCompileExec4136484578/fast"
/usr/bin/gmake -f CMakeFiles/cmTryCompileExec4136484578.dir/build.make CMakeFiles/cmTryCompileExec4136484578.dir/build
gmake[1]: Entering directory `/home1/02556/rbrito/UT_Internship/metis-5.1.0/CMakeFiles/CMakeTmp'
/opt/apps/cmake/2.8.9/bin/cmake -E cmake_progress_report /home1/02556/rbrito/UT_Internship/metis-5.1.0/CMakeFiles/CMakeTmp/CMakeFiles 1
Building C object CMakeFiles/cmTryCompileExec4136484578.dir/CheckFunctionExists.c.o
/opt/apps/intel/13/composer_xe_2013.2.146/bin/intel64/icc   -DCHECK_FUNCTION_EXISTS=getline   -o CMakeFiles/cmTryCompileExec4136484578.dir/CheckFunctionExists.c.o   -c /opt/apps/cmake/2.8.9/share/cmake-2.8/Modules/CheckFunctionExists.c
Linking C executable cmTryCompileExec4136484578
/opt/apps/cmake/2.8.9/bin/cmake -E cmake_link_script CMakeFiles/cmTryCompileExec4136484578.dir/link.txt --verbose=1
/opt/apps/intel/13/composer_xe_2013.2.146/bin/intel64/icc     -DCHECK_FUNCTION_EXISTS=getline    CMakeFiles/cmTryCompileExec4136484578.dir/CheckFunctionExists.c.o  -o cmTryCompileExec4136484578 -rdynamic 
gmake[1]: Leaving directory `/home1/02556/rbrito/UT_Internship/metis-5.1.0/CMakeFiles/CMakeTmp'


Performing C SOURCE FILE Test OpenMP_FLAG_DETECTED succeded with the following output:
Change Dir: /home1/02556/rbrito/UT_Internship/metis-5.1.0/CMakeFiles/CMakeTmp

Run Build Command:/usr/bin/gmake "cmTryCompileExec3899557571/fast"
/usr/bin/gmake -f CMakeFiles/cmTryCompileExec3899557571.dir/build.make CMakeFiles/cmTryCompileExec3899557571.dir/build
gmake[1]: Entering directory `/home1/02556/rbrito/UT_Internship/metis-5.1.0/CMakeFiles/CMakeTmp'
/opt/apps/cmake/2.8.9/bin/cmake -E cmake_progress_report /home1/02556/rbrito/UT_Internship/metis-5.1.0/CMakeFiles/CMakeTmp/CMakeFiles 1
Building C object CMakeFiles/cmTryCompileExec3899557571.dir/src.c.o
/opt/apps/intel/13/composer_xe_2013.2.146/bin/intel64/icc   -DOpenMP_FLAG_DETECTED -openmp   -o CMakeFiles/cmTryCompileExec3899557571.dir/src.c.o   -c /home1/02556/rbrito/UT_Internship/metis-5.1.0/CMakeFiles/CMakeTmp/src.c
Linking C executable cmTryCompileExec3899557571
/opt/apps/cmake/2.8.9/bin/cmake -E cmake_link_script CMakeFiles/cmTryCompileExec3899557571.dir/link.txt --verbose=1
/opt/apps/intel/13/composer_xe_2013.2.146/bin/intel64/icc     -DOpenMP_FLAG_DETECTED -openmp    CMakeFiles/cmTryCompileExec3899557571.dir/src.c.o  -o cmTryCompileExec3899557571 -rdynamic 
gmake[1]: Leaving directory `/home1/02556/rbrito/UT_Internship/metis-5.1.0/CMakeFiles/CMakeTmp'

Source file was:

#include <omp.h>
int main() { 
#ifdef _OPENMP
  return 0; 
#else
  breaks_on_purpose
#endif
}

Performing C++ SOURCE FILE Test OpenMP_FLAG_DETECTED succeded with the following output:
Change Dir: /home1/02556/rbrito/UT_Internship/metis-5.1.0/CMakeFiles/CMakeTmp

Run Build Command:/usr/bin/gmake "cmTryCompileExec788049681/fast"
/usr/bin/gmake -f CMakeFiles/cmTryCompileExec788049681.dir/build.make CMakeFiles/cmTryCompileExec788049681.dir/build
gmake[1]: Entering directory `/home1/02556/rbrito/UT_Internship/metis-5.1.0/CMakeFiles/CMakeTmp'
/opt/apps/cmake/2.8.9/bin/cmake -E cmake_progress_report /home1/02556/rbrito/UT_Internship/metis-5.1.0/CMakeFiles/CMakeTmp/CMakeFiles 1
Building CXX object CMakeFiles/cmTryCompileExec788049681.dir/src.cxx.o
/opt/apps/intel/13/composer_xe_2013.2.146/bin/intel64/icpc    -DOpenMP_FLAG_DETECTED -openmp   -o CMakeFiles/cmTryCompileExec788049681.dir/src.cxx.o -c /home1/02556/rbrito/UT_Internship/metis-5.1.0/CMakeFiles/CMakeTmp/src.cxx
Linking CXX executable cmTryCompileExec788049681
/opt/apps/cmake/2.8.9/bin/cmake -E cmake_link_script CMakeFiles/cmTryCompileExec788049681.dir/link.txt --verbose=1
/opt/apps/intel/13/composer_xe_2013.2.146/bin/intel64/icpc      -DOpenMP_FLAG_DETECTED -openmp    CMakeFiles/cmTryCompileExec788049681.dir/src.cxx.o  -o cmTryCompileExec788049681 -rdynamic 
gmake[1]: Leaving directory `/home1/02556/rbrito/UT_Internship/metis-5.1.0/CMakeFiles/CMakeTmp'

Source file was:

#include <omp.h>
int main() { 
#ifdef _OPENMP
  return 0; 
#else
  breaks_on_purpose
#endif
}

